<?xml version="1.0" encoding="UTF-8"?>
<!-- Generated by org.testng.reporters.JUnitReportReporter -->
<testsuite skipped="0" hostname="LAPTOP-AVA568D7" name="com.qa.superteetestcases.Homepagetest" tests="1" failures="0" timestamp="2021-09-30T20:20:29 IST" time="1.383" errors="0">
  <testcase name="clickonsignin" time="1.383" classname="com.qa.superteetestcases.Homepagetest"/>
  <system-out/>
</testsuite> <!-- com.qa.superteetestcases.Homepagetest -->
